2025-05-19 20:54:23,919 INFO o.a.j.u.JMeterUtils: Setting Locale to zh_CN
2025-05-19 20:54:23,943 INFO o.a.j.JMeter: Loading user properties from: /mnt/d/App/apache-jmeter/bin/user.properties
2025-05-19 20:54:23,946 INFO o.a.j.JMeter: Loading system properties from: /mnt/d/App/apache-jmeter/bin/system.properties
2025-05-19 20:54:23,952 INFO o.a.j.JMeter: Copyright (c) 1998-2024 The Apache Software Foundation
2025-05-19 20:54:23,953 INFO o.a.j.JMeter: Version 5.6.3
2025-05-19 20:54:23,953 INFO o.a.j.JMeter: java.version=11.0.27
2025-05-19 20:54:23,953 INFO o.a.j.JMeter: java.vm.name=OpenJDK 64-Bit Server VM
2025-05-19 20:54:23,953 INFO o.a.j.JMeter: os.name=Linux
2025-05-19 20:54:23,953 INFO o.a.j.JMeter: os.arch=amd64
2025-05-19 20:54:23,953 INFO o.a.j.JMeter: os.version=5.15.167.4-microsoft-standard-WSL2
2025-05-19 20:54:23,953 INFO o.a.j.JMeter: file.encoding=UTF-8
2025-05-19 20:54:23,953 INFO o.a.j.JMeter: java.awt.headless=true
2025-05-19 20:54:23,953 INFO o.a.j.JMeter: Max memory     =1073741824
2025-05-19 20:54:23,953 INFO o.a.j.JMeter: Available Processors =16
2025-05-19 20:54:23,959 INFO o.a.j.JMeter: Default Locale=English (EN)
2025-05-19 20:54:23,959 INFO o.a.j.JMeter: JMeter  Locale=Chinese (China)
2025-05-19 20:54:23,959 INFO o.a.j.JMeter: JMeterHome=/mnt/d/App/apache-jmeter
2025-05-19 20:54:23,959 INFO o.a.j.JMeter: user.dir  =/home/ubuntu/git/test/jmx
2025-05-19 20:54:23,959 INFO o.a.j.JMeter: PWD       =/home/ubuntu/git/test/jmx
2025-05-19 20:54:23,959 INFO o.a.j.JMeter: IP: 127.0.1.1 Name: POWERC FullName: POWERC.
2025-05-19 20:54:23,987 INFO o.a.j.s.FileServer: Default base='/home/ubuntu/git/test/jmx'
2025-05-19 20:54:23,989 INFO o.a.j.s.FileServer: Set new base='/home/ubuntu/git/test/jmx'
2025-05-19 20:54:24,227 INFO o.a.j.s.SaveService: Testplan (JMX) version: 2.2. Testlog (JTL) version: 2.2
2025-05-19 20:54:24,251 INFO o.a.j.s.SaveService: Using SaveService properties version 5.0
2025-05-19 20:54:24,257 INFO o.a.j.s.SaveService: Using SaveService properties file encoding UTF-8
2025-05-19 20:54:24,264 INFO o.a.j.s.SaveService: Loading file: Address_Get_History.jmx
2025-05-19 20:54:24,348 INFO o.a.j.p.h.s.HTTPSamplerBase: Parser for text/html is org.apache.jmeter.protocol.http.parser.LagartoBasedHtmlParser
2025-05-19 20:54:24,348 INFO o.a.j.p.h.s.HTTPSamplerBase: Parser for application/xhtml+xml is org.apache.jmeter.protocol.http.parser.LagartoBasedHtmlParser
2025-05-19 20:54:24,348 INFO o.a.j.p.h.s.HTTPSamplerBase: Parser for application/xml is org.apache.jmeter.protocol.http.parser.LagartoBasedHtmlParser
2025-05-19 20:54:24,348 INFO o.a.j.p.h.s.HTTPSamplerBase: Parser for text/xml is org.apache.jmeter.protocol.http.parser.LagartoBasedHtmlParser
2025-05-19 20:54:24,348 INFO o.a.j.p.h.s.HTTPSamplerBase: Parser for text/vnd.wap.wml is org.apache.jmeter.protocol.http.parser.RegexpHTMLParser
2025-05-19 20:54:24,348 INFO o.a.j.p.h.s.HTTPSamplerBase: Parser for text/css is org.apache.jmeter.protocol.http.parser.CssParser
2025-05-19 20:54:24,369 INFO o.a.j.JMeter: Creating summariser <summary>
2025-05-19 20:54:24,390 INFO o.a.j.e.StandardJMeterEngine: Running the test!
2025-05-19 20:54:24,392 INFO o.a.j.s.SampleEvent: List of sample_variables: []
2025-05-19 20:54:24,392 INFO o.a.j.s.SampleEvent: List of sample_variables: []
2025-05-19 20:54:24,439 INFO o.a.j.e.u.CompoundVariable: Note: Function class names must contain the string: '.functions.'
2025-05-19 20:54:24,439 INFO o.a.j.e.u.CompoundVariable: Note: Function class names must not contain the string: '.gui.'
2025-05-19 20:54:24,726 INFO o.a.j.r.ClassFinder: Will scan jar /mnt/d/App/apache-jmeter/lib/ext/jmeter-plugins-graphs-basic-2.0.jar with filter ExtendsClassFilter [parents=[interface org.apache.jmeter.functions.Function], inner=false, contains=null, notContains=null]. Consider exposing JMeter plugins via META-INF/services, and add JMeter-Skip-Class-Scanning=true manifest attribute so JMeter can skip classfile scanning
2025-05-19 20:54:24,735 INFO o.a.j.r.ClassFinder: Will scan jar /mnt/d/App/apache-jmeter/lib/ext/jmeter-plugins-manager-1.10.jar with filter ExtendsClassFilter [parents=[interface org.apache.jmeter.functions.Function], inner=false, contains=null, notContains=null]. Consider exposing JMeter plugins via META-INF/services, and add JMeter-Skip-Class-Scanning=true manifest attribute so JMeter can skip classfile scanning
2025-05-19 20:54:24,963 INFO o.a.j.r.ClassFinder: Will scan jar /mnt/d/App/apache-jmeter/lib/ext/jmeter-plugins-graphs-additional-2.0.jar with filter ExtendsClassFilter [parents=[interface org.apache.jmeter.functions.Function], inner=false, contains=null, notContains=null]. Consider exposing JMeter plugins via META-INF/services, and add JMeter-Skip-Class-Scanning=true manifest attribute so JMeter can skip classfile scanning
2025-05-19 20:54:24,989 INFO o.a.j.r.ClassFinder: Will scan jar /mnt/d/App/apache-jmeter/lib/ext/jmeter-plugins-casutg-3.1.jar with filter ExtendsClassFilter [parents=[interface org.apache.jmeter.functions.Function], inner=false, contains=null, notContains=null]. Consider exposing JMeter plugins via META-INF/services, and add JMeter-Skip-Class-Scanning=true manifest attribute so JMeter can skip classfile scanning
2025-05-19 20:54:25,012 INFO o.a.j.r.ClassFinder: Will scan jar /mnt/d/App/apache-jmeter/lib/ext/jmeter-plugins-perfmon-2.1.jar with filter ExtendsClassFilter [parents=[interface org.apache.jmeter.functions.Function], inner=false, contains=null, notContains=null]. Consider exposing JMeter plugins via META-INF/services, and add JMeter-Skip-Class-Scanning=true manifest attribute so JMeter can skip classfile scanning
2025-05-19 20:54:25,023 INFO o.a.j.r.ClassFinder: Will scan jar /mnt/d/App/apache-jmeter/lib/ext/jmeter-plugins-cmd-2.2.jar with filter ExtendsClassFilter [parents=[interface org.apache.jmeter.functions.Function], inner=false, contains=null, notContains=null]. Consider exposing JMeter plugins via META-INF/services, and add JMeter-Skip-Class-Scanning=true manifest attribute so JMeter can skip classfile scanning
2025-05-19 20:54:25,027 INFO o.a.j.r.ClassFinder: Will scan jar /mnt/d/App/apache-jmeter/lib/ext/jmeter-plugins-manager.jar with filter ExtendsClassFilter [parents=[interface org.apache.jmeter.functions.Function], inner=false, contains=null, notContains=null]. Consider exposing JMeter plugins via META-INF/services, and add JMeter-Skip-Class-Scanning=true manifest attribute so JMeter can skip classfile scanning
2025-05-19 20:54:25,036 INFO o.a.j.JMeter: 正在运行的测试 (1747659265036)
2025-05-19 20:54:25,054 INFO o.a.j.e.StandardJMeterEngine: Starting ThreadGroup: 1 : Address Get History
2025-05-19 20:54:25,054 INFO o.a.j.e.StandardJMeterEngine: Starting 200 threads for group Address Get History.
2025-05-19 20:54:25,055 INFO o.a.j.e.StandardJMeterEngine: Thread will continue on error
2025-05-19 20:54:25,055 INFO o.a.j.t.ThreadGroup: Starting thread group... number=1 threads=200 ramp-up=60 delayedStart=false
2025-05-19 20:54:25,073 INFO o.a.j.t.JMeterThread: Thread started: Address Get History 1-1
2025-05-19 20:54:25,129 INFO o.a.j.t.ThreadGroup: Started thread group number 1
2025-05-19 20:54:25,130 INFO o.a.j.e.StandardJMeterEngine: All thread groups have been started
2025-05-19 20:54:25,132 INFO o.a.j.p.h.s.HTTPHCAbstractImpl: Local host = POWERC
2025-05-19 20:54:25,142 INFO o.a.j.p.h.s.HTTPHC4Impl: HTTP request retry count = 0
2025-05-19 20:54:25,143 INFO o.a.j.s.SampleResult: Note: Sample TimeStamps are START times
2025-05-19 20:54:25,144 INFO o.a.j.s.SampleResult: sampleresult.default.encoding is set to UTF-8
2025-05-19 20:54:25,144 INFO o.a.j.s.SampleResult: sampleresult.useNanoTime=true
2025-05-19 20:54:25,144 INFO o.a.j.s.SampleResult: sampleresult.nanoThreadSleep=5000
2025-05-19 20:54:25,368 INFO o.a.j.t.JMeterThread: Thread started: Address Get History 1-2
2025-05-19 20:54:25,668 INFO o.a.j.t.JMeterThread: Thread started: Address Get History 1-3
2025-05-19 20:54:25,964 INFO o.a.j.t.JMeterThread: Thread started: Address Get History 1-4
2025-05-19 20:54:26,262 INFO o.a.j.t.JMeterThread: Thread started: Address Get History 1-5
2025-05-19 20:54:26,563 INFO o.a.j.t.JMeterThread: Thread started: Address Get History 1-6
2025-05-19 20:54:26,862 INFO o.a.j.t.JMeterThread: Thread started: Address Get History 1-7
2025-05-19 20:54:27,161 INFO o.a.j.t.JMeterThread: Thread started: Address Get History 1-8
2025-05-19 20:54:27,460 INFO o.a.j.t.JMeterThread: Thread started: Address Get History 1-9
2025-05-19 20:54:27,760 INFO o.a.j.t.JMeterThread: Thread started: Address Get History 1-10
2025-05-19 20:54:28,060 INFO o.a.j.t.JMeterThread: Thread started: Address Get History 1-11
2025-05-19 20:54:28,359 INFO o.a.j.t.JMeterThread: Thread started: Address Get History 1-12
2025-05-19 20:54:28,660 INFO o.a.j.t.JMeterThread: Thread started: Address Get History 1-13
2025-05-19 20:54:28,959 INFO o.a.j.t.JMeterThread: Thread started: Address Get History 1-14
2025-05-19 20:54:29,258 INFO o.a.j.t.JMeterThread: Thread started: Address Get History 1-15
2025-05-19 20:54:29,558 INFO o.a.j.t.JMeterThread: Thread started: Address Get History 1-16
2025-05-19 20:54:29,859 INFO o.a.j.t.JMeterThread: Thread started: Address Get History 1-17
2025-05-19 20:54:30,004 INFO o.a.j.r.Summariser: summary +   5536 in 00:00:05 = 1114.8/s Avg:     7 Min:     2 Max:    69 Err:     0 (0.00%) Active: 17 Started: 17 Finished: 0
2025-05-19 20:54:30,157 INFO o.a.j.t.JMeterThread: Thread started: Address Get History 1-18
2025-05-19 20:54:30,457 INFO o.a.j.t.JMeterThread: Thread started: Address Get History 1-19
2025-05-19 20:54:30,756 INFO o.a.j.t.JMeterThread: Thread started: Address Get History 1-20
2025-05-19 20:54:31,056 INFO o.a.j.t.JMeterThread: Thread started: Address Get History 1-21
2025-05-19 20:54:31,357 INFO o.a.j.t.JMeterThread: Thread started: Address Get History 1-22
2025-05-19 20:54:31,655 INFO o.a.j.t.JMeterThread: Thread started: Address Get History 1-23
2025-05-19 20:54:31,956 INFO o.a.j.t.JMeterThread: Thread started: Address Get History 1-24
2025-05-19 20:54:32,258 INFO o.a.j.t.JMeterThread: Thread started: Address Get History 1-25
2025-05-19 20:54:32,555 INFO o.a.j.t.JMeterThread: Thread started: Address Get History 1-26
2025-05-19 20:54:32,857 INFO o.a.j.t.JMeterThread: Thread started: Address Get History 1-27
2025-05-19 20:54:33,156 INFO o.a.j.t.JMeterThread: Thread started: Address Get History 1-28
2025-05-19 20:54:33,457 INFO o.a.j.t.JMeterThread: Thread started: Address Get History 1-29
2025-05-19 20:54:33,757 INFO o.a.j.t.JMeterThread: Thread started: Address Get History 1-30
2025-05-19 20:54:34,056 INFO o.a.j.t.JMeterThread: Thread started: Address Get History 1-31
2025-05-19 20:54:34,356 INFO o.a.j.t.JMeterThread: Thread started: Address Get History 1-32
2025-05-19 20:54:34,655 INFO o.a.j.t.JMeterThread: Thread started: Address Get History 1-33
2025-05-19 20:54:34,955 INFO o.a.j.t.JMeterThread: Thread started: Address Get History 1-34
2025-05-19 20:54:35,256 INFO o.a.j.t.JMeterThread: Thread started: Address Get History 1-35
2025-05-19 20:54:35,555 INFO o.a.j.t.JMeterThread: Thread started: Address Get History 1-36
2025-05-19 20:54:35,855 INFO o.a.j.t.JMeterThread: Thread started: Address Get History 1-37
2025-05-19 20:54:36,156 INFO o.a.j.t.JMeterThread: Thread started: Address Get History 1-38
2025-05-19 20:54:36,455 INFO o.a.j.t.JMeterThread: Thread started: Address Get History 1-39
2025-05-19 20:54:36,756 INFO o.a.j.t.JMeterThread: Thread started: Address Get History 1-40
2025-05-19 20:54:37,056 INFO o.a.j.t.JMeterThread: Thread started: Address Get History 1-41
2025-05-19 20:54:37,357 INFO o.a.j.t.JMeterThread: Thread started: Address Get History 1-42
2025-05-19 20:54:37,655 INFO o.a.j.t.JMeterThread: Thread started: Address Get History 1-43
2025-05-19 20:54:37,957 INFO o.a.j.t.JMeterThread: Thread started: Address Get History 1-44
2025-05-19 20:54:38,256 INFO o.a.j.t.JMeterThread: Thread started: Address Get History 1-45
2025-05-19 20:54:38,555 INFO o.a.j.t.JMeterThread: Thread started: Address Get History 1-46
2025-05-19 20:54:38,856 INFO o.a.j.t.JMeterThread: Thread started: Address Get History 1-47
2025-05-19 20:54:39,155 INFO o.a.j.t.JMeterThread: Thread started: Address Get History 1-48
2025-05-19 20:54:39,455 INFO o.a.j.t.JMeterThread: Thread started: Address Get History 1-49
2025-05-19 20:54:39,756 INFO o.a.j.t.JMeterThread: Thread started: Address Get History 1-50
2025-05-19 20:54:40,058 INFO o.a.j.t.JMeterThread: Thread started: Address Get History 1-51
2025-05-19 20:54:40,355 INFO o.a.j.t.JMeterThread: Thread started: Address Get History 1-52
2025-05-19 20:54:40,655 INFO o.a.j.t.JMeterThread: Thread started: Address Get History 1-53
2025-05-19 20:54:40,956 INFO o.a.j.t.JMeterThread: Thread started: Address Get History 1-54
2025-05-19 20:54:41,255 INFO o.a.j.t.JMeterThread: Thread started: Address Get History 1-55
2025-05-19 20:54:41,555 INFO o.a.j.t.JMeterThread: Thread started: Address Get History 1-56
2025-05-19 20:54:41,856 INFO o.a.j.t.JMeterThread: Thread started: Address Get History 1-57
2025-05-19 20:54:42,156 INFO o.a.j.t.JMeterThread: Thread started: Address Get History 1-58
2025-05-19 20:54:42,455 INFO o.a.j.t.JMeterThread: Thread started: Address Get History 1-59
2025-05-19 20:54:42,756 INFO o.a.j.t.JMeterThread: Thread started: Address Get History 1-60
2025-05-19 20:54:43,056 INFO o.a.j.t.JMeterThread: Thread started: Address Get History 1-61
2025-05-19 20:54:43,356 INFO o.a.j.t.JMeterThread: Thread started: Address Get History 1-62
2025-05-19 20:54:43,655 INFO o.a.j.t.JMeterThread: Thread started: Address Get History 1-63
2025-05-19 20:54:43,956 INFO o.a.j.t.JMeterThread: Thread started: Address Get History 1-64
2025-05-19 20:54:44,255 INFO o.a.j.t.JMeterThread: Thread started: Address Get History 1-65
2025-05-19 20:54:44,556 INFO o.a.j.t.JMeterThread: Thread started: Address Get History 1-66
2025-05-19 20:54:44,857 INFO o.a.j.t.JMeterThread: Thread started: Address Get History 1-67
2025-05-19 20:54:45,155 INFO o.a.j.t.JMeterThread: Thread started: Address Get History 1-68
2025-05-19 20:54:45,456 INFO o.a.j.t.JMeterThread: Thread started: Address Get History 1-69
2025-05-19 20:54:45,756 INFO o.a.j.t.JMeterThread: Thread started: Address Get History 1-70
2025-05-19 20:54:46,057 INFO o.a.j.t.JMeterThread: Thread started: Address Get History 1-71
2025-05-19 20:54:46,355 INFO o.a.j.t.JMeterThread: Thread started: Address Get History 1-72
2025-05-19 20:54:46,655 INFO o.a.j.t.JMeterThread: Thread started: Address Get History 1-73
2025-05-19 20:54:46,955 INFO o.a.j.t.JMeterThread: Thread started: Address Get History 1-74
2025-05-19 20:54:47,256 INFO o.a.j.t.JMeterThread: Thread started: Address Get History 1-75
2025-05-19 20:54:47,556 INFO o.a.j.t.JMeterThread: Thread started: Address Get History 1-76
2025-05-19 20:54:47,855 INFO o.a.j.t.JMeterThread: Thread started: Address Get History 1-77
2025-05-19 20:54:48,156 INFO o.a.j.t.JMeterThread: Thread started: Address Get History 1-78
2025-05-19 20:54:48,456 INFO o.a.j.t.JMeterThread: Thread started: Address Get History 1-79
2025-05-19 20:54:48,757 INFO o.a.j.t.JMeterThread: Thread started: Address Get History 1-80
2025-05-19 20:54:49,055 INFO o.a.j.t.JMeterThread: Thread started: Address Get History 1-81
2025-05-19 20:54:49,355 INFO o.a.j.t.JMeterThread: Thread started: Address Get History 1-82
2025-05-19 20:54:49,655 INFO o.a.j.t.JMeterThread: Thread started: Address Get History 1-83
2025-05-19 20:54:49,956 INFO o.a.j.t.JMeterThread: Thread started: Address Get History 1-84
2025-05-19 20:54:50,255 INFO o.a.j.t.JMeterThread: Thread started: Address Get History 1-85
2025-05-19 20:54:50,555 INFO o.a.j.t.JMeterThread: Thread started: Address Get History 1-86
2025-05-19 20:54:50,856 INFO o.a.j.t.JMeterThread: Thread started: Address Get History 1-87
2025-05-19 20:54:51,156 INFO o.a.j.t.JMeterThread: Thread started: Address Get History 1-88
2025-05-19 20:54:51,455 INFO o.a.j.t.JMeterThread: Thread started: Address Get History 1-89
2025-05-19 20:54:51,755 INFO o.a.j.t.JMeterThread: Thread started: Address Get History 1-90
2025-05-19 20:54:52,055 INFO o.a.j.t.JMeterThread: Thread started: Address Get History 1-91
2025-05-19 20:54:52,356 INFO o.a.j.t.JMeterThread: Thread started: Address Get History 1-92
2025-05-19 20:54:52,656 INFO o.a.j.t.JMeterThread: Thread started: Address Get History 1-93
2025-05-19 20:54:52,955 INFO o.a.j.t.JMeterThread: Thread started: Address Get History 1-94
2025-05-19 20:54:53,256 INFO o.a.j.t.JMeterThread: Thread started: Address Get History 1-95
2025-05-19 20:54:53,556 INFO o.a.j.t.JMeterThread: Thread started: Address Get History 1-96
2025-05-19 20:54:53,855 INFO o.a.j.t.JMeterThread: Thread started: Address Get History 1-97
2025-05-19 20:54:54,155 INFO o.a.j.t.JMeterThread: Thread started: Address Get History 1-98
2025-05-19 20:54:54,455 INFO o.a.j.t.JMeterThread: Thread started: Address Get History 1-99
2025-05-19 20:54:54,755 INFO o.a.j.t.JMeterThread: Thread started: Address Get History 1-100
2025-05-19 20:54:55,056 INFO o.a.j.t.JMeterThread: Thread started: Address Get History 1-101
2025-05-19 20:54:55,355 INFO o.a.j.t.JMeterThread: Thread started: Address Get History 1-102
2025-05-19 20:54:55,655 INFO o.a.j.t.JMeterThread: Thread started: Address Get History 1-103
2025-05-19 20:54:55,955 INFO o.a.j.t.JMeterThread: Thread started: Address Get History 1-104
2025-05-19 20:54:56,256 INFO o.a.j.t.JMeterThread: Thread started: Address Get History 1-105
2025-05-19 20:54:56,556 INFO o.a.j.t.JMeterThread: Thread started: Address Get History 1-106
2025-05-19 20:54:56,856 INFO o.a.j.t.JMeterThread: Thread started: Address Get History 1-107
2025-05-19 20:54:57,156 INFO o.a.j.t.JMeterThread: Thread started: Address Get History 1-108
2025-05-19 20:54:57,456 INFO o.a.j.t.JMeterThread: Thread started: Address Get History 1-109
2025-05-19 20:54:57,756 INFO o.a.j.t.JMeterThread: Thread started: Address Get History 1-110
2025-05-19 20:54:58,055 INFO o.a.j.t.JMeterThread: Thread started: Address Get History 1-111
2025-05-19 20:54:58,357 INFO o.a.j.t.JMeterThread: Thread started: Address Get History 1-112
2025-05-19 20:54:58,656 INFO o.a.j.t.JMeterThread: Thread started: Address Get History 1-113
2025-05-19 20:54:58,955 INFO o.a.j.t.JMeterThread: Thread started: Address Get History 1-114
2025-05-19 20:54:59,255 INFO o.a.j.t.JMeterThread: Thread started: Address Get History 1-115
2025-05-19 20:54:59,555 INFO o.a.j.t.JMeterThread: Thread started: Address Get History 1-116
2025-05-19 20:54:59,856 INFO o.a.j.t.JMeterThread: Thread started: Address Get History 1-117
2025-05-19 20:55:00,000 INFO o.a.j.r.Summariser: summary +  48287 in 00:00:30 = 1609.7/s Avg:    41 Min:     5 Max:   210 Err:     0 (0.00%) Active: 117 Started: 117 Finished: 0
2025-05-19 20:55:00,001 INFO o.a.j.r.Summariser: summary =  53823 in 00:00:35 = 1539.4/s Avg:    37 Min:     2 Max:   210 Err:     0 (0.00%)
2025-05-19 20:55:00,156 INFO o.a.j.t.JMeterThread: Thread started: Address Get History 1-118
2025-05-19 20:55:00,456 INFO o.a.j.t.JMeterThread: Thread started: Address Get History 1-119
2025-05-19 20:55:00,755 INFO o.a.j.t.JMeterThread: Thread started: Address Get History 1-120
2025-05-19 20:55:01,055 INFO o.a.j.t.JMeterThread: Thread started: Address Get History 1-121
2025-05-19 20:55:01,356 INFO o.a.j.t.JMeterThread: Thread started: Address Get History 1-122
2025-05-19 20:55:01,656 INFO o.a.j.t.JMeterThread: Thread started: Address Get History 1-123
2025-05-19 20:55:01,955 INFO o.a.j.t.JMeterThread: Thread started: Address Get History 1-124
2025-05-19 20:55:02,255 INFO o.a.j.t.JMeterThread: Thread started: Address Get History 1-125
2025-05-19 20:55:02,556 INFO o.a.j.t.JMeterThread: Thread started: Address Get History 1-126
2025-05-19 20:55:02,856 INFO o.a.j.t.JMeterThread: Thread started: Address Get History 1-127
2025-05-19 20:55:03,155 INFO o.a.j.t.JMeterThread: Thread started: Address Get History 1-128
2025-05-19 20:55:03,457 INFO o.a.j.t.JMeterThread: Thread started: Address Get History 1-129
2025-05-19 20:55:03,756 INFO o.a.j.t.JMeterThread: Thread started: Address Get History 1-130
2025-05-19 20:55:04,055 INFO o.a.j.t.JMeterThread: Thread started: Address Get History 1-131
2025-05-19 20:55:04,355 INFO o.a.j.t.JMeterThread: Thread started: Address Get History 1-132
2025-05-19 20:55:04,655 INFO o.a.j.t.JMeterThread: Thread started: Address Get History 1-133
2025-05-19 20:55:04,956 INFO o.a.j.t.JMeterThread: Thread started: Address Get History 1-134
2025-05-19 20:55:05,256 INFO o.a.j.t.JMeterThread: Thread started: Address Get History 1-135
2025-05-19 20:55:05,555 INFO o.a.j.t.JMeterThread: Thread started: Address Get History 1-136
2025-05-19 20:55:05,855 INFO o.a.j.t.JMeterThread: Thread started: Address Get History 1-137
2025-05-19 20:55:06,155 INFO o.a.j.t.JMeterThread: Thread started: Address Get History 1-138
2025-05-19 20:55:06,455 INFO o.a.j.t.JMeterThread: Thread started: Address Get History 1-139
2025-05-19 20:55:06,755 INFO o.a.j.t.JMeterThread: Thread started: Address Get History 1-140
2025-05-19 20:55:07,056 INFO o.a.j.t.JMeterThread: Thread started: Address Get History 1-141
2025-05-19 20:55:07,356 INFO o.a.j.t.JMeterThread: Thread started: Address Get History 1-142
2025-05-19 20:55:07,655 INFO o.a.j.t.JMeterThread: Thread started: Address Get History 1-143
2025-05-19 20:55:07,955 INFO o.a.j.t.JMeterThread: Thread started: Address Get History 1-144
2025-05-19 20:55:08,257 INFO o.a.j.t.JMeterThread: Thread started: Address Get History 1-145
2025-05-19 20:55:08,555 INFO o.a.j.t.JMeterThread: Thread started: Address Get History 1-146
2025-05-19 20:55:08,855 INFO o.a.j.t.JMeterThread: Thread started: Address Get History 1-147
2025-05-19 20:55:09,156 INFO o.a.j.t.JMeterThread: Thread started: Address Get History 1-148
2025-05-19 20:55:09,457 INFO o.a.j.t.JMeterThread: Thread started: Address Get History 1-149
2025-05-19 20:55:09,756 INFO o.a.j.t.JMeterThread: Thread started: Address Get History 1-150
2025-05-19 20:55:10,056 INFO o.a.j.t.JMeterThread: Thread started: Address Get History 1-151
2025-05-19 20:55:10,355 INFO o.a.j.t.JMeterThread: Thread started: Address Get History 1-152
2025-05-19 20:55:10,655 INFO o.a.j.t.JMeterThread: Thread started: Address Get History 1-153
2025-05-19 20:55:10,955 INFO o.a.j.t.JMeterThread: Thread started: Address Get History 1-154
2025-05-19 20:55:11,256 INFO o.a.j.t.JMeterThread: Thread started: Address Get History 1-155
2025-05-19 20:55:11,556 INFO o.a.j.t.JMeterThread: Thread started: Address Get History 1-156
2025-05-19 20:55:11,856 INFO o.a.j.t.JMeterThread: Thread started: Address Get History 1-157
2025-05-19 20:55:12,160 INFO o.a.j.t.JMeterThread: Thread started: Address Get History 1-158
2025-05-19 20:55:12,459 INFO o.a.j.t.JMeterThread: Thread started: Address Get History 1-159
2025-05-19 20:55:12,756 INFO o.a.j.t.JMeterThread: Thread started: Address Get History 1-160
2025-05-19 20:55:13,055 INFO o.a.j.t.JMeterThread: Thread started: Address Get History 1-161
2025-05-19 20:55:13,355 INFO o.a.j.t.JMeterThread: Thread started: Address Get History 1-162
2025-05-19 20:55:13,655 INFO o.a.j.t.JMeterThread: Thread started: Address Get History 1-163
2025-05-19 20:55:13,956 INFO o.a.j.t.JMeterThread: Thread started: Address Get History 1-164
2025-05-19 20:55:14,256 INFO o.a.j.t.JMeterThread: Thread started: Address Get History 1-165
2025-05-19 20:55:14,557 INFO o.a.j.t.JMeterThread: Thread started: Address Get History 1-166
2025-05-19 20:55:14,856 INFO o.a.j.t.JMeterThread: Thread started: Address Get History 1-167
2025-05-19 20:55:15,155 INFO o.a.j.t.JMeterThread: Thread started: Address Get History 1-168
2025-05-19 20:55:15,455 INFO o.a.j.t.JMeterThread: Thread started: Address Get History 1-169
2025-05-19 20:55:15,755 INFO o.a.j.t.JMeterThread: Thread started: Address Get History 1-170
2025-05-19 20:55:16,056 INFO o.a.j.t.JMeterThread: Thread started: Address Get History 1-171
2025-05-19 20:55:16,355 INFO o.a.j.t.JMeterThread: Thread started: Address Get History 1-172
2025-05-19 20:55:16,655 INFO o.a.j.t.JMeterThread: Thread started: Address Get History 1-173
2025-05-19 20:55:16,955 INFO o.a.j.t.JMeterThread: Thread started: Address Get History 1-174
2025-05-19 20:55:17,255 INFO o.a.j.t.JMeterThread: Thread started: Address Get History 1-175
2025-05-19 20:55:17,556 INFO o.a.j.t.JMeterThread: Thread started: Address Get History 1-176
2025-05-19 20:55:17,856 INFO o.a.j.t.JMeterThread: Thread started: Address Get History 1-177
2025-05-19 20:55:18,155 INFO o.a.j.t.JMeterThread: Thread started: Address Get History 1-178
2025-05-19 20:55:18,455 INFO o.a.j.t.JMeterThread: Thread started: Address Get History 1-179
2025-05-19 20:55:18,755 INFO o.a.j.t.JMeterThread: Thread started: Address Get History 1-180
2025-05-19 20:55:19,055 INFO o.a.j.t.JMeterThread: Thread started: Address Get History 1-181
2025-05-19 20:55:19,356 INFO o.a.j.t.JMeterThread: Thread started: Address Get History 1-182
2025-05-19 20:55:19,655 INFO o.a.j.t.JMeterThread: Thread started: Address Get History 1-183
2025-05-19 20:55:19,955 INFO o.a.j.t.JMeterThread: Thread started: Address Get History 1-184
2025-05-19 20:55:20,255 INFO o.a.j.t.JMeterThread: Thread started: Address Get History 1-185
2025-05-19 20:55:20,556 INFO o.a.j.t.JMeterThread: Thread started: Address Get History 1-186
2025-05-19 20:55:20,855 INFO o.a.j.t.JMeterThread: Thread started: Address Get History 1-187
2025-05-19 20:55:21,156 INFO o.a.j.t.JMeterThread: Thread started: Address Get History 1-188
2025-05-19 20:55:21,455 INFO o.a.j.t.JMeterThread: Thread started: Address Get History 1-189
2025-05-19 20:55:21,755 INFO o.a.j.t.JMeterThread: Thread started: Address Get History 1-190
2025-05-19 20:55:22,055 INFO o.a.j.t.JMeterThread: Thread started: Address Get History 1-191
2025-05-19 20:55:22,356 INFO o.a.j.t.JMeterThread: Thread started: Address Get History 1-192
2025-05-19 20:55:22,656 INFO o.a.j.t.JMeterThread: Thread started: Address Get History 1-193
2025-05-19 20:55:22,955 INFO o.a.j.t.JMeterThread: Thread started: Address Get History 1-194
2025-05-19 20:55:23,257 INFO o.a.j.t.JMeterThread: Thread started: Address Get History 1-195
2025-05-19 20:55:23,556 INFO o.a.j.t.JMeterThread: Thread started: Address Get History 1-196
2025-05-19 20:55:23,855 INFO o.a.j.t.JMeterThread: Thread started: Address Get History 1-197
2025-05-19 20:55:24,155 INFO o.a.j.t.JMeterThread: Thread started: Address Get History 1-198
2025-05-19 20:55:24,455 INFO o.a.j.t.JMeterThread: Thread started: Address Get History 1-199
2025-05-19 20:55:24,755 INFO o.a.j.t.JMeterThread: Thread started: Address Get History 1-200
2025-05-19 20:55:30,000 INFO o.a.j.r.Summariser: summary +  46492 in 00:00:30 = 1549.7/s Avg:   106 Min:    59 Max:   246 Err:     0 (0.00%) Active: 200 Started: 200 Finished: 0
2025-05-19 20:55:30,001 INFO o.a.j.r.Summariser: summary = 100315 in 00:01:05 = 1544.2/s Avg:    69 Min:     2 Max:   246 Err:     0 (0.00%)
2025-05-19 20:56:00,000 INFO o.a.j.r.Summariser: summary +  47836 in 00:00:30 = 1594.5/s Avg:   125 Min:    98 Max:   306 Err:     0 (0.00%) Active: 200 Started: 200 Finished: 0
2025-05-19 20:56:00,001 INFO o.a.j.r.Summariser: summary = 148151 in 00:01:35 = 1560.1/s Avg:    87 Min:     2 Max:   306 Err:     0 (0.00%)
2025-05-19 20:56:25,057 INFO o.a.j.t.JMeterThread: Stopping because end time detected by thread: Address Get History 1-1
2025-05-19 20:56:25,057 INFO o.a.j.t.JMeterThread: Thread finished: Address Get History 1-1
2025-05-19 20:56:25,070 INFO o.a.j.t.JMeterThread: Stopping because end time detected by thread: Address Get History 1-2
2025-05-19 20:56:25,070 INFO o.a.j.t.JMeterThread: Thread finished: Address Get History 1-2
2025-05-19 20:56:25,077 INFO o.a.j.t.JMeterThread: Stopping because end time detected by thread: Address Get History 1-8
2025-05-19 20:56:25,077 INFO o.a.j.t.JMeterThread: Thread finished: Address Get History 1-8
2025-05-19 20:56:25,085 INFO o.a.j.t.JMeterThread: Stopping because end time detected by thread: Address Get History 1-16
2025-05-19 20:56:25,086 INFO o.a.j.t.JMeterThread: Thread finished: Address Get History 1-16
2025-05-19 20:56:25,089 INFO o.a.j.t.JMeterThread: Stopping because end time detected by thread: Address Get History 1-6
2025-05-19 20:56:25,089 INFO o.a.j.t.JMeterThread: Thread finished: Address Get History 1-6
2025-05-19 20:56:25,091 INFO o.a.j.t.JMeterThread: Stopping because end time detected by thread: Address Get History 1-32
2025-05-19 20:56:25,091 INFO o.a.j.t.JMeterThread: Thread finished: Address Get History 1-32
2025-05-19 20:56:25,093 INFO o.a.j.t.JMeterThread: Stopping because end time detected by thread: Address Get History 1-46
2025-05-19 20:56:25,093 INFO o.a.j.t.JMeterThread: Stopping because end time detected by thread: Address Get History 1-12
2025-05-19 20:56:25,093 INFO o.a.j.t.JMeterThread: Thread finished: Address Get History 1-46
2025-05-19 20:56:25,093 INFO o.a.j.t.JMeterThread: Thread finished: Address Get History 1-12
2025-05-19 20:56:25,105 INFO o.a.j.t.JMeterThread: Stopping because end time detected by thread: Address Get History 1-81
2025-05-19 20:56:25,105 INFO o.a.j.t.JMeterThread: Thread finished: Address Get History 1-81
2025-05-19 20:56:25,108 INFO o.a.j.t.JMeterThread: Stopping because end time detected by thread: Address Get History 1-13
2025-05-19 20:56:25,108 INFO o.a.j.t.JMeterThread: Thread finished: Address Get History 1-13
2025-05-19 20:56:25,108 INFO o.a.j.t.JMeterThread: Stopping because end time detected by thread: Address Get History 1-42
2025-05-19 20:56:25,108 INFO o.a.j.t.JMeterThread: Thread finished: Address Get History 1-42
2025-05-19 20:56:25,109 INFO o.a.j.t.JMeterThread: Stopping because end time detected by thread: Address Get History 1-26
2025-05-19 20:56:25,110 INFO o.a.j.t.JMeterThread: Thread finished: Address Get History 1-26
2025-05-19 20:56:25,110 INFO o.a.j.t.JMeterThread: Stopping because end time detected by thread: Address Get History 1-117
2025-05-19 20:56:25,110 INFO o.a.j.t.JMeterThread: Thread finished: Address Get History 1-117
2025-05-19 20:56:25,115 INFO o.a.j.t.JMeterThread: Stopping because end time detected by thread: Address Get History 1-98
2025-05-19 20:56:25,115 INFO o.a.j.t.JMeterThread: Thread finished: Address Get History 1-98
2025-05-19 20:56:25,116 INFO o.a.j.t.JMeterThread: Stopping because end time detected by thread: Address Get History 1-105
2025-05-19 20:56:25,116 INFO o.a.j.t.JMeterThread: Thread finished: Address Get History 1-105
2025-05-19 20:56:25,116 INFO o.a.j.t.JMeterThread: Stopping because end time detected by thread: Address Get History 1-60
2025-05-19 20:56:25,116 INFO o.a.j.t.JMeterThread: Thread finished: Address Get History 1-60
2025-05-19 20:56:25,117 INFO o.a.j.t.JMeterThread: Stopping because end time detected by thread: Address Get History 1-103
2025-05-19 20:56:25,118 INFO o.a.j.t.JMeterThread: Thread finished: Address Get History 1-103
2025-05-19 20:56:25,119 INFO o.a.j.t.JMeterThread: Stopping because end time detected by thread: Address Get History 1-7
2025-05-19 20:56:25,119 INFO o.a.j.t.JMeterThread: Stopping because end time detected by thread: Address Get History 1-94
2025-05-19 20:56:25,119 INFO o.a.j.t.JMeterThread: Thread finished: Address Get History 1-94
2025-05-19 20:56:25,119 INFO o.a.j.t.JMeterThread: Stopping because end time detected by thread: Address Get History 1-34
2025-05-19 20:56:25,119 INFO o.a.j.t.JMeterThread: Thread finished: Address Get History 1-7
2025-05-19 20:56:25,120 INFO o.a.j.t.JMeterThread: Stopping because end time detected by thread: Address Get History 1-61
2025-05-19 20:56:25,120 INFO o.a.j.t.JMeterThread: Stopping because end time detected by thread: Address Get History 1-159
2025-05-19 20:56:25,131 INFO o.a.j.t.JMeterThread: Thread finished: Address Get History 1-34
2025-05-19 20:56:25,131 INFO o.a.j.t.JMeterThread: Stopping because end time detected by thread: Address Get History 1-174
2025-05-19 20:56:25,131 INFO o.a.j.t.JMeterThread: Stopping because end time detected by thread: Address Get History 1-59
2025-05-19 20:56:25,131 INFO o.a.j.t.JMeterThread: Thread finished: Address Get History 1-159
2025-05-19 20:56:25,131 INFO o.a.j.t.JMeterThread: Stopping because end time detected by thread: Address Get History 1-37
2025-05-19 20:56:25,120 INFO o.a.j.t.JMeterThread: Stopping because end time detected by thread: Address Get History 1-82
2025-05-19 20:56:25,131 INFO o.a.j.t.JMeterThread: Thread finished: Address Get History 1-37
2025-05-19 20:56:25,120 INFO o.a.j.t.JMeterThread: Stopping because end time detected by thread: Address Get History 1-113
2025-05-19 20:56:25,131 INFO o.a.j.t.JMeterThread: Stopping because end time detected by thread: Address Get History 1-137
2025-05-19 20:56:25,120 INFO o.a.j.t.JMeterThread: Stopping because end time detected by thread: Address Get History 1-55
2025-05-19 20:56:25,131 INFO o.a.j.t.JMeterThread: Stopping because end time detected by thread: Address Get History 1-185
2025-05-19 20:56:25,131 INFO o.a.j.t.JMeterThread: Thread finished: Address Get History 1-137
2025-05-19 20:56:25,131 INFO o.a.j.t.JMeterThread: Thread finished: Address Get History 1-185
2025-05-19 20:56:25,131 INFO o.a.j.t.JMeterThread: Thread finished: Address Get History 1-82
2025-05-19 20:56:25,131 INFO o.a.j.t.JMeterThread: Stopping because end time detected by thread: Address Get History 1-187
2025-05-19 20:56:25,131 INFO o.a.j.t.JMeterThread: Thread finished: Address Get History 1-55
2025-05-19 20:56:25,131 INFO o.a.j.t.JMeterThread: Thread finished: Address Get History 1-113
2025-05-19 20:56:25,131 INFO o.a.j.t.JMeterThread: Thread finished: Address Get History 1-187
2025-05-19 20:56:25,131 INFO o.a.j.t.JMeterThread: Stopping because end time detected by thread: Address Get History 1-23
2025-05-19 20:56:25,132 INFO o.a.j.t.JMeterThread: Stopping because end time detected by thread: Address Get History 1-108
2025-05-19 20:56:25,132 INFO o.a.j.t.JMeterThread: Thread finished: Address Get History 1-23
2025-05-19 20:56:25,131 INFO o.a.j.t.JMeterThread: Thread finished: Address Get History 1-61
2025-05-19 20:56:25,132 INFO o.a.j.t.JMeterThread: Thread finished: Address Get History 1-174
2025-05-19 20:56:25,132 INFO o.a.j.t.JMeterThread: Thread finished: Address Get History 1-59
2025-05-19 20:56:25,132 INFO o.a.j.t.JMeterThread: Stopping because end time detected by thread: Address Get History 1-128
2025-05-19 20:56:25,132 INFO o.a.j.t.JMeterThread: Thread finished: Address Get History 1-128
2025-05-19 20:56:25,132 INFO o.a.j.t.JMeterThread: Stopping because end time detected by thread: Address Get History 1-189
2025-05-19 20:56:25,132 INFO o.a.j.t.JMeterThread: Stopping because end time detected by thread: Address Get History 1-135
2025-05-19 20:56:25,132 INFO o.a.j.t.JMeterThread: Thread finished: Address Get History 1-108
2025-05-19 20:56:25,132 INFO o.a.j.t.JMeterThread: Thread finished: Address Get History 1-189
2025-05-19 20:56:25,132 INFO o.a.j.t.JMeterThread: Thread finished: Address Get History 1-135
2025-05-19 20:56:25,135 INFO o.a.j.t.JMeterThread: Stopping because end time detected by thread: Address Get History 1-197
2025-05-19 20:56:25,135 INFO o.a.j.t.JMeterThread: Thread finished: Address Get History 1-197
2025-05-19 20:56:25,135 INFO o.a.j.t.JMeterThread: Stopping because end time detected by thread: Address Get History 1-51
2025-05-19 20:56:25,135 INFO o.a.j.t.JMeterThread: Thread finished: Address Get History 1-51
2025-05-19 20:56:25,136 INFO o.a.j.t.JMeterThread: Stopping because end time detected by thread: Address Get History 1-193
2025-05-19 20:56:25,136 INFO o.a.j.t.JMeterThread: Thread finished: Address Get History 1-193
2025-05-19 20:56:25,137 INFO o.a.j.t.JMeterThread: Stopping because end time detected by thread: Address Get History 1-141
2025-05-19 20:56:25,137 INFO o.a.j.t.JMeterThread: Thread finished: Address Get History 1-141
2025-05-19 20:56:25,137 INFO o.a.j.t.JMeterThread: Stopping because end time detected by thread: Address Get History 1-194
2025-05-19 20:56:25,138 INFO o.a.j.t.JMeterThread: Thread finished: Address Get History 1-194
2025-05-19 20:56:25,138 INFO o.a.j.t.JMeterThread: Stopping because end time detected by thread: Address Get History 1-112
2025-05-19 20:56:25,138 INFO o.a.j.t.JMeterThread: Thread finished: Address Get History 1-112
2025-05-19 20:56:25,139 INFO o.a.j.t.JMeterThread: Stopping because end time detected by thread: Address Get History 1-167
2025-05-19 20:56:25,139 INFO o.a.j.t.JMeterThread: Stopping because end time detected by thread: Address Get History 1-29
2025-05-19 20:56:25,139 INFO o.a.j.t.JMeterThread: Thread finished: Address Get History 1-167
2025-05-19 20:56:25,139 INFO o.a.j.t.JMeterThread: Thread finished: Address Get History 1-29
2025-05-19 20:56:25,140 INFO o.a.j.t.JMeterThread: Stopping because end time detected by thread: Address Get History 1-69
2025-05-19 20:56:25,140 INFO o.a.j.t.JMeterThread: Stopping because end time detected by thread: Address Get History 1-70
2025-05-19 20:56:25,140 INFO o.a.j.t.JMeterThread: Thread finished: Address Get History 1-69
2025-05-19 20:56:25,140 INFO o.a.j.t.JMeterThread: Thread finished: Address Get History 1-70
2025-05-19 20:56:25,141 INFO o.a.j.t.JMeterThread: Stopping because end time detected by thread: Address Get History 1-79
2025-05-19 20:56:25,141 INFO o.a.j.t.JMeterThread: Thread finished: Address Get History 1-79
2025-05-19 20:56:25,142 INFO o.a.j.t.JMeterThread: Stopping because end time detected by thread: Address Get History 1-106
2025-05-19 20:56:25,142 INFO o.a.j.t.JMeterThread: Thread finished: Address Get History 1-106
2025-05-19 20:56:25,145 INFO o.a.j.t.JMeterThread: Stopping because end time detected by thread: Address Get History 1-200
2025-05-19 20:56:25,145 INFO o.a.j.t.JMeterThread: Thread finished: Address Get History 1-200
2025-05-19 20:56:25,145 INFO o.a.j.t.JMeterThread: Stopping because end time detected by thread: Address Get History 1-171
2025-05-19 20:56:25,145 INFO o.a.j.t.JMeterThread: Stopping because end time detected by thread: Address Get History 1-142
2025-05-19 20:56:25,145 INFO o.a.j.t.JMeterThread: Thread finished: Address Get History 1-171
2025-05-19 20:56:25,146 INFO o.a.j.t.JMeterThread: Thread finished: Address Get History 1-142
2025-05-19 20:56:25,146 INFO o.a.j.t.JMeterThread: Stopping because end time detected by thread: Address Get History 1-28
2025-05-19 20:56:25,147 INFO o.a.j.t.JMeterThread: Thread finished: Address Get History 1-28
2025-05-19 20:56:25,147 INFO o.a.j.t.JMeterThread: Stopping because end time detected by thread: Address Get History 1-31
2025-05-19 20:56:25,147 INFO o.a.j.t.JMeterThread: Thread finished: Address Get History 1-31
2025-05-19 20:56:25,148 INFO o.a.j.t.JMeterThread: Stopping because end time detected by thread: Address Get History 1-95
2025-05-19 20:56:25,148 INFO o.a.j.t.JMeterThread: Stopping because end time detected by thread: Address Get History 1-15
2025-05-19 20:56:25,148 INFO o.a.j.t.JMeterThread: Stopping because end time detected by thread: Address Get History 1-68
2025-05-19 20:56:25,148 INFO o.a.j.t.JMeterThread: Thread finished: Address Get History 1-68
2025-05-19 20:56:25,148 INFO o.a.j.t.JMeterThread: Thread finished: Address Get History 1-95
2025-05-19 20:56:25,148 INFO o.a.j.t.JMeterThread: Thread finished: Address Get History 1-15
2025-05-19 20:56:25,149 INFO o.a.j.t.JMeterThread: Stopping because end time detected by thread: Address Get History 1-123
2025-05-19 20:56:25,149 INFO o.a.j.t.JMeterThread: Thread finished: Address Get History 1-123
2025-05-19 20:56:25,150 INFO o.a.j.t.JMeterThread: Stopping because end time detected by thread: Address Get History 1-99
2025-05-19 20:56:25,150 INFO o.a.j.t.JMeterThread: Thread finished: Address Get History 1-99
2025-05-19 20:56:25,151 INFO o.a.j.t.JMeterThread: Stopping because end time detected by thread: Address Get History 1-84
2025-05-19 20:56:25,151 INFO o.a.j.t.JMeterThread: Thread finished: Address Get History 1-84
2025-05-19 20:56:25,152 INFO o.a.j.t.JMeterThread: Stopping because end time detected by thread: Address Get History 1-40
2025-05-19 20:56:25,153 INFO o.a.j.t.JMeterThread: Thread finished: Address Get History 1-40
2025-05-19 20:56:25,154 INFO o.a.j.t.JMeterThread: Stopping because end time detected by thread: Address Get History 1-73
2025-05-19 20:56:25,154 INFO o.a.j.t.JMeterThread: Thread finished: Address Get History 1-73
2025-05-19 20:56:25,154 INFO o.a.j.t.JMeterThread: Stopping because end time detected by thread: Address Get History 1-138
2025-05-19 20:56:25,154 INFO o.a.j.t.JMeterThread: Thread finished: Address Get History 1-138
2025-05-19 20:56:25,157 INFO o.a.j.t.JMeterThread: Stopping because end time detected by thread: Address Get History 1-143
2025-05-19 20:56:25,157 INFO o.a.j.t.JMeterThread: Stopping because end time detected by thread: Address Get History 1-86
2025-05-19 20:56:25,157 INFO o.a.j.t.JMeterThread: Thread finished: Address Get History 1-86
2025-05-19 20:56:25,157 INFO o.a.j.t.JMeterThread: Thread finished: Address Get History 1-143
2025-05-19 20:56:25,157 INFO o.a.j.t.JMeterThread: Stopping because end time detected by thread: Address Get History 1-78
2025-05-19 20:56:25,157 INFO o.a.j.t.JMeterThread: Thread finished: Address Get History 1-78
2025-05-19 20:56:25,158 INFO o.a.j.t.JMeterThread: Stopping because end time detected by thread: Address Get History 1-10
2025-05-19 20:56:25,158 INFO o.a.j.t.JMeterThread: Stopping because end time detected by thread: Address Get History 1-85
2025-05-19 20:56:25,158 INFO o.a.j.t.JMeterThread: Thread finished: Address Get History 1-10
2025-05-19 20:56:25,158 INFO o.a.j.t.JMeterThread: Thread finished: Address Get History 1-85
2025-05-19 20:56:25,160 INFO o.a.j.t.JMeterThread: Stopping because end time detected by thread: Address Get History 1-111
2025-05-19 20:56:25,160 INFO o.a.j.t.JMeterThread: Stopping because end time detected by thread: Address Get History 1-43
2025-05-19 20:56:25,160 INFO o.a.j.t.JMeterThread: Thread finished: Address Get History 1-111
2025-05-19 20:56:25,160 INFO o.a.j.t.JMeterThread: Thread finished: Address Get History 1-43
2025-05-19 20:56:25,161 INFO o.a.j.t.JMeterThread: Stopping because end time detected by thread: Address Get History 1-144
2025-05-19 20:56:25,161 INFO o.a.j.t.JMeterThread: Thread finished: Address Get History 1-144
2025-05-19 20:56:25,162 INFO o.a.j.t.JMeterThread: Stopping because end time detected by thread: Address Get History 1-76
2025-05-19 20:56:25,162 INFO o.a.j.t.JMeterThread: Thread finished: Address Get History 1-76
2025-05-19 20:56:25,163 INFO o.a.j.t.JMeterThread: Stopping because end time detected by thread: Address Get History 1-75
2025-05-19 20:56:25,163 INFO o.a.j.t.JMeterThread: Thread finished: Address Get History 1-75
2025-05-19 20:56:25,163 INFO o.a.j.t.JMeterThread: Stopping because end time detected by thread: Address Get History 1-50
2025-05-19 20:56:25,163 INFO o.a.j.t.JMeterThread: Thread finished: Address Get History 1-50
2025-05-19 20:56:25,166 INFO o.a.j.t.JMeterThread: Stopping because end time detected by thread: Address Get History 1-182
2025-05-19 20:56:25,167 INFO o.a.j.t.JMeterThread: Stopping because end time detected by thread: Address Get History 1-21
2025-05-19 20:56:25,167 INFO o.a.j.t.JMeterThread: Thread finished: Address Get History 1-182
2025-05-19 20:56:25,167 INFO o.a.j.t.JMeterThread: Thread finished: Address Get History 1-21
2025-05-19 20:56:25,167 INFO o.a.j.t.JMeterThread: Stopping because end time detected by thread: Address Get History 1-104
2025-05-19 20:56:25,167 INFO o.a.j.t.JMeterThread: Thread finished: Address Get History 1-104
2025-05-19 20:56:25,167 INFO o.a.j.t.JMeterThread: Stopping because end time detected by thread: Address Get History 1-161
2025-05-19 20:56:25,168 INFO o.a.j.t.JMeterThread: Thread finished: Address Get History 1-161
2025-05-19 20:56:25,168 INFO o.a.j.t.JMeterThread: Stopping because end time detected by thread: Address Get History 1-170
2025-05-19 20:56:25,168 INFO o.a.j.t.JMeterThread: Thread finished: Address Get History 1-170
2025-05-19 20:56:25,170 INFO o.a.j.t.JMeterThread: Stopping because end time detected by thread: Address Get History 1-5
2025-05-19 20:56:25,171 INFO o.a.j.t.JMeterThread: Thread finished: Address Get History 1-5
2025-05-19 20:56:25,171 INFO o.a.j.t.JMeterThread: Stopping because end time detected by thread: Address Get History 1-119
2025-05-19 20:56:25,171 INFO o.a.j.t.JMeterThread: Thread finished: Address Get History 1-119
2025-05-19 20:56:25,172 INFO o.a.j.t.JMeterThread: Stopping because end time detected by thread: Address Get History 1-158
2025-05-19 20:56:25,172 INFO o.a.j.t.JMeterThread: Thread finished: Address Get History 1-158
2025-05-19 20:56:25,175 INFO o.a.j.t.JMeterThread: Stopping because end time detected by thread: Address Get History 1-4
2025-05-19 20:56:25,175 INFO o.a.j.t.JMeterThread: Thread finished: Address Get History 1-4
2025-05-19 20:56:25,176 INFO o.a.j.t.JMeterThread: Stopping because end time detected by thread: Address Get History 1-183
2025-05-19 20:56:25,176 INFO o.a.j.t.JMeterThread: Stopping because end time detected by thread: Address Get History 1-47
2025-05-19 20:56:25,176 INFO o.a.j.t.JMeterThread: Thread finished: Address Get History 1-183
2025-05-19 20:56:25,176 INFO o.a.j.t.JMeterThread: Stopping because end time detected by thread: Address Get History 1-168
2025-05-19 20:56:25,176 INFO o.a.j.t.JMeterThread: Thread finished: Address Get History 1-168
2025-05-19 20:56:25,176 INFO o.a.j.t.JMeterThread: Thread finished: Address Get History 1-47
2025-05-19 20:56:25,177 INFO o.a.j.t.JMeterThread: Stopping because end time detected by thread: Address Get History 1-19
2025-05-19 20:56:25,177 INFO o.a.j.t.JMeterThread: Thread finished: Address Get History 1-19
2025-05-19 20:56:25,177 INFO o.a.j.t.JMeterThread: Stopping because end time detected by thread: Address Get History 1-110
2025-05-19 20:56:25,177 INFO o.a.j.t.JMeterThread: Thread finished: Address Get History 1-110
2025-05-19 20:56:25,177 INFO o.a.j.t.JMeterThread: Stopping because end time detected by thread: Address Get History 1-54
2025-05-19 20:56:25,178 INFO o.a.j.t.JMeterThread: Stopping because end time detected by thread: Address Get History 1-17
2025-05-19 20:56:25,178 INFO o.a.j.t.JMeterThread: Thread finished: Address Get History 1-54
2025-05-19 20:56:25,178 INFO o.a.j.t.JMeterThread: Thread finished: Address Get History 1-17
2025-05-19 20:56:25,179 INFO o.a.j.t.JMeterThread: Stopping because end time detected by thread: Address Get History 1-30
2025-05-19 20:56:25,180 INFO o.a.j.t.JMeterThread: Thread finished: Address Get History 1-30
2025-05-19 20:56:25,180 INFO o.a.j.t.JMeterThread: Stopping because end time detected by thread: Address Get History 1-192
2025-05-19 20:56:25,180 INFO o.a.j.t.JMeterThread: Thread finished: Address Get History 1-192
2025-05-19 20:56:25,180 INFO o.a.j.t.JMeterThread: Stopping because end time detected by thread: Address Get History 1-184
2025-05-19 20:56:25,180 INFO o.a.j.t.JMeterThread: Thread finished: Address Get History 1-184
2025-05-19 20:56:25,181 INFO o.a.j.t.JMeterThread: Stopping because end time detected by thread: Address Get History 1-63
2025-05-19 20:56:25,181 INFO o.a.j.t.JMeterThread: Thread finished: Address Get History 1-63
2025-05-19 20:56:25,181 INFO o.a.j.t.JMeterThread: Stopping because end time detected by thread: Address Get History 1-83
2025-05-19 20:56:25,181 INFO o.a.j.t.JMeterThread: Stopping because end time detected by thread: Address Get History 1-163
2025-05-19 20:56:25,181 INFO o.a.j.t.JMeterThread: Thread finished: Address Get History 1-83
2025-05-19 20:56:25,181 INFO o.a.j.t.JMeterThread: Thread finished: Address Get History 1-163
2025-05-19 20:56:25,181 INFO o.a.j.t.JMeterThread: Stopping because end time detected by thread: Address Get History 1-65
2025-05-19 20:56:25,182 INFO o.a.j.t.JMeterThread: Thread finished: Address Get History 1-65
2025-05-19 20:56:25,182 INFO o.a.j.t.JMeterThread: Stopping because end time detected by thread: Address Get History 1-41
2025-05-19 20:56:25,183 INFO o.a.j.t.JMeterThread: Stopping because end time detected by thread: Address Get History 1-173
2025-05-19 20:56:25,183 INFO o.a.j.t.JMeterThread: Stopping because end time detected by thread: Address Get History 1-147
2025-05-19 20:56:25,183 INFO o.a.j.t.JMeterThread: Thread finished: Address Get History 1-147
2025-05-19 20:56:25,183 INFO o.a.j.t.JMeterThread: Thread finished: Address Get History 1-41
2025-05-19 20:56:25,183 INFO o.a.j.t.JMeterThread: Thread finished: Address Get History 1-173
2025-05-19 20:56:25,184 INFO o.a.j.t.JMeterThread: Stopping because end time detected by thread: Address Get History 1-175
2025-05-19 20:56:25,184 INFO o.a.j.t.JMeterThread: Thread finished: Address Get History 1-175
2025-05-19 20:56:25,184 INFO o.a.j.t.JMeterThread: Stopping because end time detected by thread: Address Get History 1-90
2025-05-19 20:56:25,184 INFO o.a.j.t.JMeterThread: Thread finished: Address Get History 1-90
2025-05-19 20:56:25,185 INFO o.a.j.t.JMeterThread: Stopping because end time detected by thread: Address Get History 1-149
2025-05-19 20:56:25,185 INFO o.a.j.t.JMeterThread: Thread finished: Address Get History 1-149
2025-05-19 20:56:25,186 INFO o.a.j.t.JMeterThread: Stopping because end time detected by thread: Address Get History 1-101
2025-05-19 20:56:25,187 INFO o.a.j.t.JMeterThread: Stopping because end time detected by thread: Address Get History 1-157
2025-05-19 20:56:25,187 INFO o.a.j.t.JMeterThread: Stopping because end time detected by thread: Address Get History 1-24
2025-05-19 20:56:25,187 INFO o.a.j.t.JMeterThread: Thread finished: Address Get History 1-157
2025-05-19 20:56:25,187 INFO o.a.j.t.JMeterThread: Thread finished: Address Get History 1-101
2025-05-19 20:56:25,187 INFO o.a.j.t.JMeterThread: Thread finished: Address Get History 1-24
2025-05-19 20:56:25,192 INFO o.a.j.t.JMeterThread: Stopping because end time detected by thread: Address Get History 1-80
2025-05-19 20:56:25,193 INFO o.a.j.t.JMeterThread: Thread finished: Address Get History 1-80
2025-05-19 20:56:25,193 INFO o.a.j.t.JMeterThread: Stopping because end time detected by thread: Address Get History 1-136
2025-05-19 20:56:25,193 INFO o.a.j.t.JMeterThread: Thread finished: Address Get History 1-136
2025-05-19 20:56:25,193 INFO o.a.j.t.JMeterThread: Stopping because end time detected by thread: Address Get History 1-130
2025-05-19 20:56:25,193 INFO o.a.j.t.JMeterThread: Thread finished: Address Get History 1-130
2025-05-19 20:56:25,193 INFO o.a.j.t.JMeterThread: Stopping because end time detected by thread: Address Get History 1-114
2025-05-19 20:56:25,193 INFO o.a.j.t.JMeterThread: Thread finished: Address Get History 1-114
2025-05-19 20:56:25,194 INFO o.a.j.t.JMeterThread: Stopping because end time detected by thread: Address Get History 1-195
2025-05-19 20:56:25,194 INFO o.a.j.t.JMeterThread: Stopping because end time detected by thread: Address Get History 1-38
2025-05-19 20:56:25,194 INFO o.a.j.t.JMeterThread: Thread finished: Address Get History 1-195
2025-05-19 20:56:25,194 INFO o.a.j.t.JMeterThread: Thread finished: Address Get History 1-38
2025-05-19 20:56:25,195 INFO o.a.j.t.JMeterThread: Stopping because end time detected by thread: Address Get History 1-115
2025-05-19 20:56:25,195 INFO o.a.j.t.JMeterThread: Thread finished: Address Get History 1-115
2025-05-19 20:56:25,195 INFO o.a.j.t.JMeterThread: Stopping because end time detected by thread: Address Get History 1-131
2025-05-19 20:56:25,196 INFO o.a.j.t.JMeterThread: Thread finished: Address Get History 1-131
2025-05-19 20:56:25,196 INFO o.a.j.t.JMeterThread: Stopping because end time detected by thread: Address Get History 1-96
2025-05-19 20:56:25,196 INFO o.a.j.t.JMeterThread: Thread finished: Address Get History 1-96
2025-05-19 20:56:25,196 INFO o.a.j.t.JMeterThread: Stopping because end time detected by thread: Address Get History 1-172
2025-05-19 20:56:25,196 INFO o.a.j.t.JMeterThread: Thread finished: Address Get History 1-172
2025-05-19 20:56:25,196 INFO o.a.j.t.JMeterThread: Stopping because end time detected by thread: Address Get History 1-44
2025-05-19 20:56:25,196 INFO o.a.j.t.JMeterThread: Thread finished: Address Get History 1-44
2025-05-19 20:56:25,197 INFO o.a.j.t.JMeterThread: Stopping because end time detected by thread: Address Get History 1-3
2025-05-19 20:56:25,197 INFO o.a.j.t.JMeterThread: Thread finished: Address Get History 1-3
2025-05-19 20:56:25,199 INFO o.a.j.t.JMeterThread: Stopping because end time detected by thread: Address Get History 1-133
2025-05-19 20:56:25,199 INFO o.a.j.t.JMeterThread: Stopping because end time detected by thread: Address Get History 1-53
2025-05-19 20:56:25,199 INFO o.a.j.t.JMeterThread: Thread finished: Address Get History 1-133
2025-05-19 20:56:25,199 INFO o.a.j.t.JMeterThread: Thread finished: Address Get History 1-53
2025-05-19 20:56:25,201 INFO o.a.j.t.JMeterThread: Stopping because end time detected by thread: Address Get History 1-198
2025-05-19 20:56:25,201 INFO o.a.j.t.JMeterThread: Thread finished: Address Get History 1-198
2025-05-19 20:56:25,201 INFO o.a.j.t.JMeterThread: Stopping because end time detected by thread: Address Get History 1-139
2025-05-19 20:56:25,201 INFO o.a.j.t.JMeterThread: Thread finished: Address Get History 1-139
2025-05-19 20:56:25,201 INFO o.a.j.t.JMeterThread: Stopping because end time detected by thread: Address Get History 1-166
2025-05-19 20:56:25,201 INFO o.a.j.t.JMeterThread: Thread finished: Address Get History 1-166
2025-05-19 20:56:25,203 INFO o.a.j.t.JMeterThread: Stopping because end time detected by thread: Address Get History 1-178
2025-05-19 20:56:25,203 INFO o.a.j.t.JMeterThread: Stopping because end time detected by thread: Address Get History 1-134
2025-05-19 20:56:25,203 INFO o.a.j.t.JMeterThread: Thread finished: Address Get History 1-178
2025-05-19 20:56:25,203 INFO o.a.j.t.JMeterThread: Thread finished: Address Get History 1-134
2025-05-19 20:56:25,203 INFO o.a.j.t.JMeterThread: Stopping because end time detected by thread: Address Get History 1-11
2025-05-19 20:56:25,203 INFO o.a.j.t.JMeterThread: Thread finished: Address Get History 1-11
2025-05-19 20:56:25,204 INFO o.a.j.t.JMeterThread: Stopping because end time detected by thread: Address Get History 1-107
2025-05-19 20:56:25,204 INFO o.a.j.t.JMeterThread: Thread finished: Address Get History 1-107
2025-05-19 20:56:25,205 INFO o.a.j.t.JMeterThread: Stopping because end time detected by thread: Address Get History 1-88
2025-05-19 20:56:25,205 INFO o.a.j.t.JMeterThread: Stopping because end time detected by thread: Address Get History 1-92
2025-05-19 20:56:25,205 INFO o.a.j.t.JMeterThread: Thread finished: Address Get History 1-88
2025-05-19 20:56:25,205 INFO o.a.j.t.JMeterThread: Thread finished: Address Get History 1-92
2025-05-19 20:56:25,205 INFO o.a.j.t.JMeterThread: Stopping because end time detected by thread: Address Get History 1-9
2025-05-19 20:56:25,206 INFO o.a.j.t.JMeterThread: Thread finished: Address Get History 1-9
2025-05-19 20:56:25,206 INFO o.a.j.t.JMeterThread: Stopping because end time detected by thread: Address Get History 1-151
2025-05-19 20:56:25,206 INFO o.a.j.t.JMeterThread: Stopping because end time detected by thread: Address Get History 1-33
2025-05-19 20:56:25,206 INFO o.a.j.t.JMeterThread: Thread finished: Address Get History 1-151
2025-05-19 20:56:25,206 INFO o.a.j.t.JMeterThread: Thread finished: Address Get History 1-33
2025-05-19 20:56:25,210 INFO o.a.j.t.JMeterThread: Stopping because end time detected by thread: Address Get History 1-109
2025-05-19 20:56:25,210 INFO o.a.j.t.JMeterThread: Thread finished: Address Get History 1-109
2025-05-19 20:56:25,212 INFO o.a.j.t.JMeterThread: Stopping because end time detected by thread: Address Get History 1-89
2025-05-19 20:56:25,212 INFO o.a.j.t.JMeterThread: Stopping because end time detected by thread: Address Get History 1-22
2025-05-19 20:56:25,212 INFO o.a.j.t.JMeterThread: Stopping because end time detected by thread: Address Get History 1-153
2025-05-19 20:56:25,212 INFO o.a.j.t.JMeterThread: Thread finished: Address Get History 1-89
2025-05-19 20:56:25,212 INFO o.a.j.t.JMeterThread: Thread finished: Address Get History 1-22
2025-05-19 20:56:25,212 INFO o.a.j.t.JMeterThread: Thread finished: Address Get History 1-153
2025-05-19 20:56:25,213 INFO o.a.j.t.JMeterThread: Stopping because end time detected by thread: Address Get History 1-93
2025-05-19 20:56:25,213 INFO o.a.j.t.JMeterThread: Thread finished: Address Get History 1-93
2025-05-19 20:56:25,213 INFO o.a.j.t.JMeterThread: Stopping because end time detected by thread: Address Get History 1-160
2025-05-19 20:56:25,213 INFO o.a.j.t.JMeterThread: Thread finished: Address Get History 1-160
2025-05-19 20:56:25,213 INFO o.a.j.t.JMeterThread: Stopping because end time detected by thread: Address Get History 1-116
2025-05-19 20:56:25,213 INFO o.a.j.t.JMeterThread: Thread finished: Address Get History 1-116
2025-05-19 20:56:25,214 INFO o.a.j.t.JMeterThread: Stopping because end time detected by thread: Address Get History 1-186
2025-05-19 20:56:25,214 INFO o.a.j.t.JMeterThread: Thread finished: Address Get History 1-186
2025-05-19 20:56:25,214 INFO o.a.j.t.JMeterThread: Stopping because end time detected by thread: Address Get History 1-148
2025-05-19 20:56:25,214 INFO o.a.j.t.JMeterThread: Stopping because end time detected by thread: Address Get History 1-127
2025-05-19 20:56:25,214 INFO o.a.j.t.JMeterThread: Thread finished: Address Get History 1-148
2025-05-19 20:56:25,214 INFO o.a.j.t.JMeterThread: Thread finished: Address Get History 1-127
2025-05-19 20:56:25,215 INFO o.a.j.t.JMeterThread: Stopping because end time detected by thread: Address Get History 1-191
2025-05-19 20:56:25,215 INFO o.a.j.t.JMeterThread: Thread finished: Address Get History 1-191
2025-05-19 20:56:25,216 INFO o.a.j.t.JMeterThread: Stopping because end time detected by thread: Address Get History 1-100
2025-05-19 20:56:25,216 INFO o.a.j.t.JMeterThread: Stopping because end time detected by thread: Address Get History 1-20
2025-05-19 20:56:25,216 INFO o.a.j.t.JMeterThread: Thread finished: Address Get History 1-100
2025-05-19 20:56:25,216 INFO o.a.j.t.JMeterThread: Thread finished: Address Get History 1-20
2025-05-19 20:56:25,218 INFO o.a.j.t.JMeterThread: Stopping because end time detected by thread: Address Get History 1-72
2025-05-19 20:56:25,218 INFO o.a.j.t.JMeterThread: Thread finished: Address Get History 1-72
2025-05-19 20:56:25,218 INFO o.a.j.t.JMeterThread: Stopping because end time detected by thread: Address Get History 1-179
2025-05-19 20:56:25,218 INFO o.a.j.t.JMeterThread: Thread finished: Address Get History 1-179
2025-05-19 20:56:25,218 INFO o.a.j.t.JMeterThread: Stopping because end time detected by thread: Address Get History 1-77
2025-05-19 20:56:25,218 INFO o.a.j.t.JMeterThread: Thread finished: Address Get History 1-77
2025-05-19 20:56:25,218 INFO o.a.j.t.JMeterThread: Stopping because end time detected by thread: Address Get History 1-45
2025-05-19 20:56:25,218 INFO o.a.j.t.JMeterThread: Thread finished: Address Get History 1-45
2025-05-19 20:56:25,222 INFO o.a.j.t.JMeterThread: Stopping because end time detected by thread: Address Get History 1-199
2025-05-19 20:56:25,222 INFO o.a.j.t.JMeterThread: Thread finished: Address Get History 1-199
2025-05-19 20:56:25,222 INFO o.a.j.t.JMeterThread: Stopping because end time detected by thread: Address Get History 1-122
2025-05-19 20:56:25,223 INFO o.a.j.t.JMeterThread: Thread finished: Address Get History 1-122
2025-05-19 20:56:25,223 INFO o.a.j.t.JMeterThread: Stopping because end time detected by thread: Address Get History 1-91
2025-05-19 20:56:25,223 INFO o.a.j.t.JMeterThread: Thread finished: Address Get History 1-91
2025-05-19 20:56:25,223 INFO o.a.j.t.JMeterThread: Stopping because end time detected by thread: Address Get History 1-18
2025-05-19 20:56:25,223 INFO o.a.j.t.JMeterThread: Stopping because end time detected by thread: Address Get History 1-87
2025-05-19 20:56:25,224 INFO o.a.j.t.JMeterThread: Thread finished: Address Get History 1-18
2025-05-19 20:56:25,224 INFO o.a.j.t.JMeterThread: Thread finished: Address Get History 1-87
2025-05-19 20:56:25,224 INFO o.a.j.t.JMeterThread: Stopping because end time detected by thread: Address Get History 1-27
2025-05-19 20:56:25,224 INFO o.a.j.t.JMeterThread: Thread finished: Address Get History 1-27
2025-05-19 20:56:25,226 INFO o.a.j.t.JMeterThread: Stopping because end time detected by thread: Address Get History 1-36
2025-05-19 20:56:25,226 INFO o.a.j.t.JMeterThread: Thread finished: Address Get History 1-36
2025-05-19 20:56:25,226 INFO o.a.j.t.JMeterThread: Stopping because end time detected by thread: Address Get History 1-39
2025-05-19 20:56:25,226 INFO o.a.j.t.JMeterThread: Thread finished: Address Get History 1-39
2025-05-19 20:56:25,229 INFO o.a.j.t.JMeterThread: Stopping because end time detected by thread: Address Get History 1-14
2025-05-19 20:56:25,229 INFO o.a.j.t.JMeterThread: Stopping because end time detected by thread: Address Get History 1-49
2025-05-19 20:56:25,229 INFO o.a.j.t.JMeterThread: Thread finished: Address Get History 1-14
2025-05-19 20:56:25,229 INFO o.a.j.t.JMeterThread: Thread finished: Address Get History 1-49
2025-05-19 20:56:25,229 INFO o.a.j.t.JMeterThread: Stopping because end time detected by thread: Address Get History 1-58
2025-05-19 20:56:25,230 INFO o.a.j.t.JMeterThread: Thread finished: Address Get History 1-58
2025-05-19 20:56:25,230 INFO o.a.j.t.JMeterThread: Stopping because end time detected by thread: Address Get History 1-181
2025-05-19 20:56:25,231 INFO o.a.j.t.JMeterThread: Thread finished: Address Get History 1-181
2025-05-19 20:56:25,231 INFO o.a.j.t.JMeterThread: Stopping because end time detected by thread: Address Get History 1-155
2025-05-19 20:56:25,232 INFO o.a.j.t.JMeterThread: Thread finished: Address Get History 1-155
2025-05-19 20:56:25,233 INFO o.a.j.t.JMeterThread: Stopping because end time detected by thread: Address Get History 1-124
2025-05-19 20:56:25,233 INFO o.a.j.t.JMeterThread: Stopping because end time detected by thread: Address Get History 1-102
2025-05-19 20:56:25,233 INFO o.a.j.t.JMeterThread: Thread finished: Address Get History 1-124
2025-05-19 20:56:25,233 INFO o.a.j.t.JMeterThread: Thread finished: Address Get History 1-102
2025-05-19 20:56:25,234 INFO o.a.j.t.JMeterThread: Stopping because end time detected by thread: Address Get History 1-25
2025-05-19 20:56:25,235 INFO o.a.j.t.JMeterThread: Thread finished: Address Get History 1-25
2025-05-19 20:56:25,234 INFO o.a.j.t.JMeterThread: Stopping because end time detected by thread: Address Get History 1-132
2025-05-19 20:56:25,235 INFO o.a.j.t.JMeterThread: Thread finished: Address Get History 1-132
2025-05-19 20:56:25,235 INFO o.a.j.t.JMeterThread: Stopping because end time detected by thread: Address Get History 1-120
2025-05-19 20:56:25,235 INFO o.a.j.t.JMeterThread: Thread finished: Address Get History 1-120
2025-05-19 20:56:25,235 INFO o.a.j.t.JMeterThread: Stopping because end time detected by thread: Address Get History 1-154
2025-05-19 20:56:25,235 INFO o.a.j.t.JMeterThread: Thread finished: Address Get History 1-154
2025-05-19 20:56:25,236 INFO o.a.j.t.JMeterThread: Stopping because end time detected by thread: Address Get History 1-180
2025-05-19 20:56:25,236 INFO o.a.j.t.JMeterThread: Thread finished: Address Get History 1-180
2025-05-19 20:56:25,236 INFO o.a.j.t.JMeterThread: Stopping because end time detected by thread: Address Get History 1-62
2025-05-19 20:56:25,237 INFO o.a.j.t.JMeterThread: Thread finished: Address Get History 1-62
2025-05-19 20:56:25,237 INFO o.a.j.t.JMeterThread: Stopping because end time detected by thread: Address Get History 1-67
2025-05-19 20:56:25,237 INFO o.a.j.t.JMeterThread: Thread finished: Address Get History 1-67
2025-05-19 20:56:25,238 INFO o.a.j.t.JMeterThread: Stopping because end time detected by thread: Address Get History 1-57
2025-05-19 20:56:25,238 INFO o.a.j.t.JMeterThread: Thread finished: Address Get History 1-57
2025-05-19 20:56:25,239 INFO o.a.j.t.JMeterThread: Stopping because end time detected by thread: Address Get History 1-35
2025-05-19 20:56:25,239 INFO o.a.j.t.JMeterThread: Thread finished: Address Get History 1-35
2025-05-19 20:56:25,239 INFO o.a.j.t.JMeterThread: Stopping because end time detected by thread: Address Get History 1-169
2025-05-19 20:56:25,239 INFO o.a.j.t.JMeterThread: Stopping because end time detected by thread: Address Get History 1-125
2025-05-19 20:56:25,239 INFO o.a.j.t.JMeterThread: Stopping because end time detected by thread: Address Get History 1-118
2025-05-19 20:56:25,239 INFO o.a.j.t.JMeterThread: Thread finished: Address Get History 1-125
2025-05-19 20:56:25,239 INFO o.a.j.t.JMeterThread: Thread finished: Address Get History 1-118
2025-05-19 20:56:25,239 INFO o.a.j.t.JMeterThread: Stopping because end time detected by thread: Address Get History 1-48
2025-05-19 20:56:25,239 INFO o.a.j.t.JMeterThread: Thread finished: Address Get History 1-48
2025-05-19 20:56:25,239 INFO o.a.j.t.JMeterThread: Thread finished: Address Get History 1-169
2025-05-19 20:56:25,239 INFO o.a.j.t.JMeterThread: Stopping because end time detected by thread: Address Get History 1-66
2025-05-19 20:56:25,239 INFO o.a.j.t.JMeterThread: Thread finished: Address Get History 1-66
2025-05-19 20:56:25,240 INFO o.a.j.t.JMeterThread: Stopping because end time detected by thread: Address Get History 1-162
2025-05-19 20:56:25,240 INFO o.a.j.t.JMeterThread: Thread finished: Address Get History 1-162
2025-05-19 20:56:25,240 INFO o.a.j.t.JMeterThread: Stopping because end time detected by thread: Address Get History 1-196
2025-05-19 20:56:25,240 INFO o.a.j.t.JMeterThread: Thread finished: Address Get History 1-196
2025-05-19 20:56:25,242 INFO o.a.j.t.JMeterThread: Stopping because end time detected by thread: Address Get History 1-190
2025-05-19 20:56:25,242 INFO o.a.j.t.JMeterThread: Stopping because end time detected by thread: Address Get History 1-52
2025-05-19 20:56:25,242 INFO o.a.j.t.JMeterThread: Thread finished: Address Get History 1-52
2025-05-19 20:56:25,242 INFO o.a.j.t.JMeterThread: Thread finished: Address Get History 1-190
2025-05-19 20:56:25,243 INFO o.a.j.t.JMeterThread: Stopping because end time detected by thread: Address Get History 1-74
2025-05-19 20:56:25,243 INFO o.a.j.t.JMeterThread: Stopping because end time detected by thread: Address Get History 1-64
2025-05-19 20:56:25,243 INFO o.a.j.t.JMeterThread: Thread finished: Address Get History 1-74
2025-05-19 20:56:25,243 INFO o.a.j.t.JMeterThread: Thread finished: Address Get History 1-64
2025-05-19 20:56:25,244 INFO o.a.j.t.JMeterThread: Stopping because end time detected by thread: Address Get History 1-56
2025-05-19 20:56:25,244 INFO o.a.j.t.JMeterThread: Thread finished: Address Get History 1-56
2025-05-19 20:56:25,245 INFO o.a.j.t.JMeterThread: Stopping because end time detected by thread: Address Get History 1-71
2025-05-19 20:56:25,245 INFO o.a.j.t.JMeterThread: Stopping because end time detected by thread: Address Get History 1-97
2025-05-19 20:56:25,245 INFO o.a.j.t.JMeterThread: Thread finished: Address Get History 1-71
2025-05-19 20:56:25,245 INFO o.a.j.t.JMeterThread: Thread finished: Address Get History 1-97
2025-05-19 20:56:25,247 INFO o.a.j.t.JMeterThread: Stopping because end time detected by thread: Address Get History 1-177
2025-05-19 20:56:25,248 INFO o.a.j.t.JMeterThread: Thread finished: Address Get History 1-177
2025-05-19 20:56:25,248 INFO o.a.j.t.JMeterThread: Stopping because end time detected by thread: Address Get History 1-129
2025-05-19 20:56:25,248 INFO o.a.j.t.JMeterThread: Thread finished: Address Get History 1-129
2025-05-19 20:56:25,248 INFO o.a.j.t.JMeterThread: Stopping because end time detected by thread: Address Get History 1-164
2025-05-19 20:56:25,248 INFO o.a.j.t.JMeterThread: Thread finished: Address Get History 1-164
2025-05-19 20:56:25,250 INFO o.a.j.t.JMeterThread: Stopping because end time detected by thread: Address Get History 1-140
2025-05-19 20:56:25,250 INFO o.a.j.t.JMeterThread: Stopping because end time detected by thread: Address Get History 1-156
2025-05-19 20:56:25,250 INFO o.a.j.t.JMeterThread: Thread finished: Address Get History 1-140
2025-05-19 20:56:25,250 INFO o.a.j.t.JMeterThread: Thread finished: Address Get History 1-156
2025-05-19 20:56:25,251 INFO o.a.j.t.JMeterThread: Stopping because end time detected by thread: Address Get History 1-152
2025-05-19 20:56:25,251 INFO o.a.j.t.JMeterThread: Thread finished: Address Get History 1-152
2025-05-19 20:56:25,251 INFO o.a.j.t.JMeterThread: Stopping because end time detected by thread: Address Get History 1-150
2025-05-19 20:56:25,251 INFO o.a.j.t.JMeterThread: Thread finished: Address Get History 1-150
2025-05-19 20:56:25,251 INFO o.a.j.t.JMeterThread: Stopping because end time detected by thread: Address Get History 1-126
2025-05-19 20:56:25,252 INFO o.a.j.t.JMeterThread: Thread finished: Address Get History 1-126
2025-05-19 20:56:25,252 INFO o.a.j.t.JMeterThread: Stopping because end time detected by thread: Address Get History 1-121
2025-05-19 20:56:25,253 INFO o.a.j.t.JMeterThread: Thread finished: Address Get History 1-121
2025-05-19 20:56:25,253 INFO o.a.j.t.JMeterThread: Stopping because end time detected by thread: Address Get History 1-145
2025-05-19 20:56:25,253 INFO o.a.j.t.JMeterThread: Thread finished: Address Get History 1-145
2025-05-19 20:56:25,254 INFO o.a.j.t.JMeterThread: Stopping because end time detected by thread: Address Get History 1-188
2025-05-19 20:56:25,255 INFO o.a.j.t.JMeterThread: Thread finished: Address Get History 1-188
2025-05-19 20:56:25,255 INFO o.a.j.t.JMeterThread: Stopping because end time detected by thread: Address Get History 1-146
2025-05-19 20:56:25,256 INFO o.a.j.t.JMeterThread: Thread finished: Address Get History 1-146
2025-05-19 20:56:25,258 INFO o.a.j.t.JMeterThread: Stopping because end time detected by thread: Address Get History 1-165
2025-05-19 20:56:25,258 INFO o.a.j.t.JMeterThread: Stopping because end time detected by thread: Address Get History 1-176
2025-05-19 20:56:25,258 INFO o.a.j.t.JMeterThread: Thread finished: Address Get History 1-165
2025-05-19 20:56:25,258 INFO o.a.j.t.JMeterThread: Thread finished: Address Get History 1-176
2025-05-19 20:56:25,258 INFO o.a.j.e.StandardJMeterEngine: Notifying test listeners of end of test
2025-05-19 20:56:25,259 INFO o.a.j.r.Summariser: summary +  40155 in 00:00:25 = 1589.8/s Avg:   125 Min:   104 Max:   353 Err:     0 (0.00%) Active: 0 Started: 200 Finished: 200
2025-05-19 20:56:25,259 INFO o.a.j.r.Summariser: summary = 188306 in 00:02:00 = 1566.3/s Avg:    95 Min:     2 Max:   353 Err:     0 (0.00%)
